[32m[0824 14:43:50 @logger.py:90][0m Argv: 2) synthetic data generation/tGAN/bioresponse/tGAN_code_normal_bio.py
[32m[0824 14:43:50 @model_utils.py:67][0m [36mList of Trainable Variables: 
[0mname                              shape           #elements
--------------------------------  ------------  -----------
gen/LSTM/go:0                     [1, 100]              100
gen/LSTM/lstm_cell/kernel:0       [500, 400]         200000
gen/LSTM/lstm_cell/bias:0         [400]                 400
gen/LSTM/00/FC/W:0                [100, 100]          10000
gen/LSTM/00/FC/b:0                [100]                 100
gen/LSTM/00/FC2/W:0               [100, 2]              200
gen/LSTM/00/FC2/b:0               [2]                     2
gen/LSTM/00/FC3/W:0               [2, 100]              200
gen/LSTM/00/FC3/b:0               [100]                 100
gen/LSTM/00/attw:0                [1, 1, 1]               1
gen/LSTM/01/FC/W:0                [100, 100]          10000
gen/LSTM/01/FC/b:0                [100]                 100
gen/LSTM/01/FC2/W:0               [100, 1984]        198400
gen/LSTM/01/FC2/b:0               [1984]               1984
gen/LSTM/01/FC3/W:0               [1984, 100]        198400
gen/LSTM/01/FC3/b:0               [100]                 100
gen/LSTM/01/attw:0                [2, 1, 1]               2
gen/LSTM/02/FC/W:0                [100, 100]          10000
gen/LSTM/02/FC/b:0                [100]                 100
gen/LSTM/02/FC2/W:0               [100, 833]          83300
gen/LSTM/02/FC2/b:0               [833]                 833
gen/LSTM/02/FC3/W:0               [833, 100]          83300
gen/LSTM/02/FC3/b:0               [100]                 100
gen/LSTM/02/attw:0                [3, 1, 1]               3
gen/LSTM/03/FC/W:0                [100, 100]          10000
gen/LSTM/03/FC/b:0                [100]                 100
gen/LSTM/03/FC2/W:0               [100, 1004]        100400
gen/LSTM/03/FC2/b:0               [1004]               1004
gen/LSTM/03/FC3/W:0               [1004, 100]        100400
gen/LSTM/03/FC3/b:0               [100]                 100
gen/LSTM/03/attw:0                [4, 1, 1]               4
gen/LSTM/04/FC/W:0                [100, 100]          10000
gen/LSTM/04/FC/b:0                [100]                 100
gen/LSTM/04/FC2/W:0               [100, 7]              700
gen/LSTM/04/FC2/b:0               [7]                     7
gen/LSTM/04/FC3/W:0               [7, 100]              700
gen/LSTM/04/FC3/b:0               [100]                 100
gen/LSTM/04/attw:0                [5, 1, 1]               5
gen/LSTM/05/FC/W:0                [100, 100]          10000
gen/LSTM/05/FC/b:0                [100]                 100
gen/LSTM/05/FC2/W:0               [100, 1405]        140500
gen/LSTM/05/FC2/b:0               [1405]               1405
gen/LSTM/05/FC3/W:0               [1405, 100]        140500
gen/LSTM/05/FC3/b:0               [100]                 100
gen/LSTM/05/attw:0                [6, 1, 1]               6
gen/LSTM/06/FC/W:0                [100, 100]          10000
gen/LSTM/06/FC/b:0                [100]                 100
gen/LSTM/06/FC2/W:0               [100, 2008]        200800
gen/LSTM/06/FC2/b:0               [2008]               2008
gen/LSTM/06/FC3/W:0               [2008, 100]        200800
gen/LSTM/06/FC3/b:0               [100]                 100
gen/LSTM/06/attw:0                [7, 1, 1]               7
gen/LSTM/07/FC/W:0                [100, 100]          10000
gen/LSTM/07/FC/b:0                [100]                 100
gen/LSTM/07/FC2/W:0               [100, 1966]        196600
gen/LSTM/07/FC2/b:0               [1966]               1966
gen/LSTM/07/FC3/W:0               [1966, 100]        196600
gen/LSTM/07/FC3/b:0               [100]                 100
gen/LSTM/07/attw:0                [8, 1, 1]               8
gen/LSTM/08/FC/W:0                [100, 100]          10000
gen/LSTM/08/FC/b:0                [100]                 100
gen/LSTM/08/FC2/W:0               [100, 41]            4100
gen/LSTM/08/FC2/b:0               [41]                   41
gen/LSTM/08/FC3/W:0               [41, 100]            4100
gen/LSTM/08/FC3/b:0               [100]                 100
gen/LSTM/08/attw:0                [9, 1, 1]               9
gen/LSTM/09/FC/W:0                [100, 100]          10000
gen/LSTM/09/FC/b:0                [100]                 100
gen/LSTM/09/FC2/W:0               [100, 933]          93300
gen/LSTM/09/FC2/b:0               [933]                 933
gen/LSTM/09/FC3/W:0               [933, 100]          93300
gen/LSTM/09/FC3/b:0               [100]                 100
gen/LSTM/09/attw:0                [10, 1, 1]             10
gen/LSTM/10/FC/W:0                [100, 100]          10000
gen/LSTM/10/FC/b:0                [100]                 100
gen/LSTM/10/FC2/W:0               [100, 1]              100
gen/LSTM/10/FC2/b:0               [1]                     1
gen/LSTM/10/FC3/W:0               [1, 100]              100
gen/LSTM/10/FC3/b:0               [100]                 100
gen/LSTM/10/attw:0                [11, 1, 1]             11
discrim/dis_fc0/fc/W:0            [10184, 100]      1018400
discrim/dis_fc0/fc/b:0            [100]                 100
discrim/dis_fc0/fc_diversity/W:0  [100, 100]          10000
discrim/dis_fc0/fc_diversity/b:0  [100]                 100
discrim/dis_fc0/bn/beta:0         [110]                 110
discrim/dis_fc_top/W:0            [110, 1]              110
discrim/dis_fc_top/b:0            [1]                     1[36m
Number of trainable variables: 87
Number of parameters (elements): 3388571
Storage space needed for all trainable variables: 12.93MB[0m
[32m[0824 14:43:50 @base.py:209][0m Setup callbacks graph ...
[32m[0824 14:43:50 @summary.py:46][0m [MovingAverageSummary] 6 operations in collection 'MOVING_SUMMARY_OPS' will be run with session hooks.
[32m[0824 14:43:50 @summary.py:93][0m Summarizing collection 'summaries' of size 9.
[32m[0824 14:43:50 @graph.py:98][0m Applying collection UPDATE_OPS of 4 ops.
[32m[0824 14:43:51 @base.py:230][0m Creating the session ...
[32m[0824 14:43:53 @base.py:236][0m Initializing the session ...
[32m[0824 14:43:53 @base.py:243][0m Graph Finalized.
[32m[0824 14:43:53 @concurrency.py:38][0m Starting EnqueueThread QueueInput/input_queue ...
[32m[0824 14:43:54 @base.py:275][0m Start Epoch 1 ...
[32m[0824 14:44:12 @base.py:293][0m Detected Ctrl-C and exiting main loop.
